TN:
SF:src/domain/entiity/address.ts
FN:2,Address
FN:9,get street
FN:12,get city
FN:15,get state
FN:18,get zipCode
FNF:5
FNH:5
FNDA:16,Address
FNDA:11,get street
FNDA:11,get city
FNDA:11,get state
FNDA:11,get zipCode
DA:1,1
DA:2,1
DA:3,16
DA:4,16
DA:5,16
DA:6,16
DA:7,16
DA:8,1
DA:9,1
DA:10,11
DA:11,11
DA:12,1
DA:13,11
DA:14,11
DA:15,1
DA:16,11
DA:17,11
DA:18,1
DA:19,11
DA:20,11
DA:21,1
LF:21
LH:21
BRDA:2,0,0,16
BRDA:9,1,0,11
BRDA:12,2,0,11
BRDA:15,3,0,11
BRDA:18,4,0,11
BRF:5
BRH:5
end_of_record
TN:
SF:src/domain/entiity/customer.ts
FN:4,Customer
FN:14,validate
FN:23,get id
FN:27,get name
FN:31,get isActive
FN:35,get rewardPoints
FN:39,get address
FN:43,addRewardPoints
FN:47,changeName
FN:52,activate
FN:57,deactivate
FNF:11
FNH:11
FNDA:16,Customer
FNDA:20,validate
FNDA:9,get id
FNDA:8,get name
FNDA:9,get isActive
FNDA:8,get rewardPoints
FNDA:28,get address
FNDA:1,addRewardPoints
FNDA:2,changeName
FNDA:1,activate
FNDA:1,deactivate
DA:1,1
DA:2,1
DA:3,1
DA:4,1
DA:5,16
DA:6,16
DA:7,16
DA:8,16
DA:9,16
DA:10,16
DA:11,16
DA:12,16
DA:13,1
DA:14,1
DA:15,20
DA:16,1
DA:17,1
DA:18,20
DA:19,1
DA:20,1
DA:21,20
DA:22,1
DA:23,1
DA:24,9
DA:25,9
DA:26,1
DA:27,1
DA:28,8
DA:29,8
DA:30,1
DA:31,1
DA:32,9
DA:33,9
DA:34,1
DA:35,1
DA:36,8
DA:37,8
DA:38,1
DA:39,1
DA:40,28
DA:41,28
DA:42,1
DA:43,1
DA:44,1
DA:45,1
DA:46,1
DA:47,1
DA:48,2
DA:49,2
DA:50,2
DA:51,1
DA:52,1
DA:53,1
DA:54,1
DA:55,1
DA:56,1
DA:57,1
DA:58,1
DA:59,1
DA:60,1
DA:61,1
LF:61
LH:61
BRDA:4,0,0,16
BRDA:14,1,0,20
BRDA:15,2,0,1
BRDA:18,3,0,19
BRDA:18,4,0,1
BRDA:23,5,0,9
BRDA:27,6,0,8
BRDA:31,7,0,9
BRDA:35,8,0,8
BRDA:39,9,0,28
BRDA:43,10,0,1
BRDA:47,11,0,2
BRDA:52,12,0,1
BRDA:57,13,0,1
BRF:14
BRH:14
end_of_record
TN:
SF:src/domain/entiity/order-item.ts
FN:2,OrderItem
FN:10,get price
FN:14,get qtd
FN:18,get total
FNF:4
FNH:4
FNDA:8,OrderItem
FNDA:5,get price
FNDA:6,get qtd
FNDA:6,get total
DA:1,1
DA:2,1
DA:3,8
DA:4,8
DA:5,8
DA:6,8
DA:7,8
DA:8,8
DA:9,1
DA:10,1
DA:11,5
DA:12,5
DA:13,1
DA:14,1
DA:15,6
DA:16,6
DA:17,1
DA:18,1
DA:19,6
DA:20,6
DA:21,1
LF:21
LH:21
BRDA:2,0,0,8
BRDA:10,1,0,5
BRDA:14,2,0,6
BRDA:18,3,0,6
BRF:4
BRH:4
end_of_record
TN:
SF:src/domain/entiity/order.ts
FN:4,Order
FN:12,total
FN:16,validate
FNF:3
FNH:3
FNDA:7,Order
FNDA:3,total
FNDA:7,validate
DA:1,1
DA:2,1
DA:3,1
DA:4,1
DA:5,7
DA:6,7
DA:7,7
DA:8,7
DA:9,7
DA:10,7
DA:11,1
DA:12,1
DA:13,3
DA:14,3
DA:15,1
DA:16,1
DA:17,7
DA:18,1
DA:19,1
DA:20,6
DA:21,7
DA:22,1
DA:23,1
DA:24,5
DA:25,7
DA:26,1
DA:27,1
DA:28,7
DA:29,7
DA:30,1
DA:31,1
DA:32,3
DA:33,7
DA:34,1
DA:35,1
DA:36,7
DA:37,1
LF:37
LH:37
BRDA:4,0,0,7
BRDA:12,1,0,3
BRDA:13,2,0,6
BRDA:16,3,0,7
BRDA:17,4,0,1
BRDA:20,5,0,6
BRDA:21,6,0,1
BRDA:24,7,0,5
BRDA:25,8,0,1
BRDA:29,9,0,1
BRDA:32,10,0,3
BRDA:33,11,0,1
BRDA:29,12,0,6
BRDA:33,13,0,5
BRF:14
BRH:14
end_of_record
TN:
SF:src/domain/entiity/product.ts
FN:2,Product
FN:10,changePrice
FN:15,changeName
FN:20,get id
FN:24,get name
FN:28,get price
FN:32,validate
FNF:7
FNH:7
FNDA:17,Product
FNDA:4,changePrice
FNDA:2,changeName
FNDA:8,get id
FNDA:9,get name
FNDA:15,get price
FNDA:23,validate
DA:1,1
DA:2,1
DA:3,17
DA:4,17
DA:5,17
DA:6,17
DA:7,17
DA:8,17
DA:9,1
DA:10,1
DA:11,4
DA:12,4
DA:13,4
DA:14,1
DA:15,1
DA:16,2
DA:17,2
DA:18,2
DA:19,1
DA:20,1
DA:21,8
DA:22,8
DA:23,1
DA:24,1
DA:25,9
DA:26,9
DA:27,1
DA:28,1
DA:29,15
DA:30,15
DA:31,1
DA:32,1
DA:33,23
DA:34,1
DA:35,1
DA:36,22
DA:37,23
DA:38,1
DA:39,1
DA:40,23
DA:41,23
DA:42,1
DA:43,1
DA:44,23
DA:45,1
LF:45
LH:45
BRDA:2,0,0,17
BRDA:10,1,0,4
BRDA:15,2,0,2
BRDA:20,3,0,8
BRDA:24,4,0,9
BRDA:28,5,0,15
BRDA:32,6,0,23
BRDA:33,7,0,1
BRDA:36,8,0,22
BRDA:37,9,0,1
BRDA:41,10,0,1
BRF:11
BRH:11
end_of_record
TN:
SF:src/domain/service/order.service.ts
FN:7,placeOrder
FNF:1
FNH:1
FNDA:1,placeOrder
DA:1,1
DA:2,1
DA:3,1
DA:4,1
DA:5,1
DA:6,1
DA:7,1
DA:8,1
DA:9,0
DA:10,0
DA:11,1
DA:12,1
DA:13,1
DA:14,1
DA:15,1
DA:16,1
LF:16
LH:14
BRDA:7,0,0,1
BRDA:8,1,0,0
BRF:2
BRH:1
end_of_record
TN:
SF:src/domain/service/product.service.ts
FN:4,changeAllPrices
FNF:1
FNH:1
FNDA:1,changeAllPrices
DA:1,1
DA:2,1
DA:3,1
DA:4,1
DA:5,1
DA:6,1
DA:7,1
LF:7
LH:7
BRDA:4,0,0,1
BRDA:5,1,0,2
BRF:2
BRH:2
end_of_record
TN:
SF:src/infra/db/sequelize/model/customer.model.ts
FNF:0
FNH:0
DA:1,1
DA:2,1
DA:3,1
DA:4,1
DA:5,1
DA:6,1
DA:7,1
DA:8,1
DA:9,1
DA:10,1
DA:11,1
DA:12,1
DA:13,1
DA:14,1
DA:15,1
DA:16,1
DA:17,1
DA:18,1
DA:19,1
DA:20,1
DA:21,1
DA:22,1
DA:23,1
DA:24,1
DA:25,1
DA:26,1
DA:27,1
DA:28,1
DA:29,1
DA:30,1
DA:31,1
DA:32,1
LF:32
LH:32
BRF:0
BRH:0
end_of_record
TN:
SF:src/infra/db/sequelize/model/product.model.ts
FNF:0
FNH:0
DA:1,1
DA:2,1
DA:3,1
DA:4,1
DA:5,1
DA:6,1
DA:7,1
DA:8,1
DA:9,1
DA:10,1
DA:11,1
DA:12,1
DA:13,1
DA:14,1
DA:15,1
DA:16,1
DA:17,1
LF:17
LH:17
BRF:0
BRH:0
end_of_record
TN:
SF:src/infra/repository/customer.repository.ts
FN:7,create
FN:20,update
FN:40,find
FN:57,findAll
FNF:4
FNH:4
FNDA:6,create
FNDA:1,update
FNDA:1,find
FNDA:1,findAll
DA:1,1
DA:2,1
DA:3,1
DA:4,1
DA:5,1
DA:6,1
DA:7,1
DA:8,6
DA:9,6
DA:10,6
DA:11,6
DA:12,6
DA:13,6
DA:14,6
DA:15,6
DA:16,6
DA:17,6
DA:18,6
DA:19,1
DA:20,1
DA:21,1
DA:22,1
DA:23,1
DA:24,1
DA:25,1
DA:26,1
DA:27,1
DA:28,1
DA:29,1
DA:30,1
DA:31,1
DA:32,1
DA:33,1
DA:34,1
DA:35,1
DA:36,1
DA:37,1
DA:38,1
DA:39,1
DA:40,1
DA:41,1
DA:42,1
DA:43,1
DA:44,1
DA:45,1
DA:46,1
DA:47,1
DA:48,1
DA:49,1
DA:50,1
DA:51,1
DA:52,1
DA:53,1
DA:54,1
DA:55,1
DA:56,1
DA:57,1
DA:58,1
DA:59,1
DA:60,1
DA:61,3
DA:62,3
DA:63,3
DA:64,3
DA:65,3
DA:66,3
DA:67,3
DA:68,1
DA:69,1
DA:70,1
LF:70
LH:70
BRDA:7,0,0,6
BRDA:20,1,0,1
BRDA:40,2,0,1
BRDA:57,3,0,1
BRDA:60,4,0,3
BRF:5
BRH:5
end_of_record
TN:
SF:src/infra/repository/product.repository.ts
FN:6,create
FN:14,update
FN:28,find
FN:33,findAll
FNF:4
FNH:4
FNDA:6,create
FNDA:1,update
FNDA:1,find
FNDA:1,findAll
DA:1,1
DA:2,1
DA:3,1
DA:4,1
DA:5,1
DA:6,1
DA:7,6
DA:8,6
DA:9,6
DA:10,6
DA:11,6
DA:12,6
DA:13,1
DA:14,1
DA:15,1
DA:16,1
DA:17,1
DA:18,1
DA:19,1
DA:20,1
DA:21,1
DA:22,1
DA:23,1
DA:24,1
DA:25,1
DA:26,1
DA:27,1
DA:28,1
DA:29,1
DA:30,1
DA:31,1
DA:32,1
DA:33,1
DA:34,1
DA:35,1
DA:36,1
DA:37,1
LF:37
LH:37
BRDA:6,0,0,6
BRDA:14,1,0,1
BRDA:28,2,0,1
BRDA:33,3,0,1
BRDA:35,4,0,3
BRF:5
BRH:5
end_of_record
